生成启动时间为 2017/2/23 14:28:19。
     1>项目“E:\WenbinWang\Method\Anno_COCO\SceneAnnotation\SceneAnnotation\SceneAnnotation.vcxproj”在节点 2 上(Build 个目标)。
     1>ClCompile:
         D:\Program Files\vs2013\VC\bin\x86_amd64\CL.exe /c /I"D:\Program Files\opencv\build\include" /I"D:\Program Files\opencv\build\include\opencv" /I"D:\Program Files\opencv\build\include\opencv2" /I"D:\Program Files\boost_1_56_0" /Zi /nologo /W3 /WX- /sdl /O2 /Oi /GL /D WIN32 /D _WINDOWS /D NDEBUG /D _CRT_SECURE_NO_WARNINGS /D _UNICODE /D UNICODE /D _AFXDLL /Gm- /EHsc /MD /GS /Gy /fp:precise /Zc:wchar_t /Zc:forScope /Yu"stdafx.h" /Fp"x64\Release\SceneAnnotation.pch" /Fo"x64\Release\\" /Fd"x64\Release\vc120.pdb" /Gd /TP /errorReport:prompt SceneAnnotationDlg.cpp
         SceneAnnotationDlg.cpp
     1>D:\Program Files\opencv\build\include\opencv2/core/mat.hpp(1965): warning C4819: 该文件包含不能在当前代码页(936)中表示的字符。请将该文件保存为 Unicode 格式以防止数据丢失
     1>D:\Program Files\opencv\build\include\opencv2/core/persistence.hpp : warning C4819: 该文件包含不能在当前代码页(936)中表示的字符。请将该文件保存为 Unicode 格式以防止数据丢失
     1>D:\Program Files\opencv\build\include\opencv2/core/utility.hpp : warning C4819: 该文件包含不能在当前代码页(936)中表示的字符。请将该文件保存为 Unicode 格式以防止数据丢失
     1>SceneAnnotationDlg.cpp(151): warning C4002: “assert”宏的实参太多
     1>SceneAnnotationDlg.cpp(162): warning C4002: “assert”宏的实参太多
     1>SceneAnnotationDlg.cpp(199): warning C4002: “assert”宏的实参太多
     1>SceneAnnotationDlg.cpp(282): warning C4267: “参数”: 从“size_t”转换到“short”，可能丢失数据
       Link:
         D:\Program Files\vs2013\VC\bin\x86_amd64\link.exe /ERRORREPORT:PROMPT /OUT:"E:\WenbinWang\Method\Anno_COCO\SceneAnnotation\x64\Release\SceneAnnotation.exe" /INCREMENTAL:NO /NOLOGO /LIBPATH:"D:\Program Files\opencv\build\x64\vc12\lib" /LIBPATH:"D:\Program Files\boost_1_56_0\lib64-msvc-12.0" /LIBPATH:E:\WenbinWang\Method\Anno_COCO\3rdparty\3rdparty\lib opencv_ts300.lib opencv_world300.lib /MANIFEST /MANIFESTUAC:"level='asInvoker' uiAccess='false'" /manifest:embed /manifestinput:"D:\Program Files\vs2013\VC\Include\Manifest\dpiaware.manifest" /DEBUG /PDB:"E:\WenbinWang\Method\Anno_COCO\SceneAnnotation\x64\Release\SceneAnnotation.pdb" /SUBSYSTEM:WINDOWS /OPT:REF /OPT:ICF /LTCG /TLBID:1 /ENTRY:"wWinMainCRTStartup" /DYNAMICBASE /NXCOMPAT /IMPLIB:"E:\WenbinWang\Method\Anno_COCO\SceneAnnotation\x64\Release\SceneAnnotation.lib" /MACHINE:X64 x64\Release\SceneAnnotation.res
         x64\Release\CvvImage.obj
         x64\Release\IOFile.obj
         x64\Release\SceneAnnotation.obj
         x64\Release\SceneAnnotationDlg.obj
         x64\Release\stdafx.obj
         正在生成代码
         已完成代码的生成
         SceneAnnotation.vcxproj -> E:\WenbinWang\Method\Anno_COCO\SceneAnnotation\x64\Release\SceneAnnotation.exe
     1>已完成生成项目“E:\WenbinWang\Method\Anno_COCO\SceneAnnotation\SceneAnnotation\SceneAnnotation.vcxproj”(Build 个目标)的操作。

生成成功。

已用时间 00:00:03.24
