生成启动时间为 2017/3/1 17:54:55。
     1>项目“E:\WenbinWang\Method\Anno_COCO\SceneAnnotation\SceneAnnotation\SceneAnnotation.vcxproj”在节点 2 上(Build 个目标)。
     1>ClCompile:
         D:\Program Files\vs2013\VC\bin\CL.exe /c /I"D:\Program Files\opencv\build\include" /I"D:\Program Files\opencv\build\include\opencv" /I"D:\Program Files\opencv\build\include\opencv2" /IE:\WenbinWang\Method\Anno_COCO\SceneAnnotation\SceneAnnotation\json\include /ZI /nologo /W3 /WX- /sdl /Od /Oy- /D WIN32 /D _WINDOWS /D _DEBUG /D _CRT_SECURE_NO_WARNINGS /D _UNICODE /D UNICODE /Gm /EHsc /RTC1 /MTd /GS /fp:precise /Zc:wchar_t /Zc:forScope /Yu"stdafx.h" /Fp"Debug\SceneAnnotation.pch" /Fo"Debug\\" /Fd"Debug\vc120.pdb" /Gd /TP /analyze- /errorReport:prompt IOFile.cpp SceneAnnotation.cpp SceneAnnotationDlg.cpp
         SceneAnnotationDlg.cpp
     1>d:\program files\opencv\build\include\opencv2\core\mat.hpp(1965): warning C4819: 该文件包含不能在当前代码页(936)中表示的字符。请将该文件保存为 Unicode 格式以防止数据丢失
     1>d:\program files\opencv\build\include\opencv2\core\persistence.hpp : warning C4819: 该文件包含不能在当前代码页(936)中表示的字符。请将该文件保存为 Unicode 格式以防止数据丢失
     1>d:\program files\opencv\build\include\opencv2\core\utility.hpp : warning C4819: 该文件包含不能在当前代码页(936)中表示的字符。请将该文件保存为 Unicode 格式以防止数据丢失
     1>e:\wenbinwang\method\anno_coco\sceneannotation\sceneannotation\sceneannotationdlg.cpp(873): warning C4018: “<”: 有符号/无符号不匹配
     1>e:\wenbinwang\method\anno_coco\sceneannotation\sceneannotation\sceneannotationdlg.cpp(1092): warning C4018: “<”: 有符号/无符号不匹配
         IOFile.cpp
         正在生成代码...
         正在编译...
         SceneAnnotation.cpp
     1>d:\program files\opencv\build\include\opencv2\core\mat.hpp(1965): warning C4819: 该文件包含不能在当前代码页(936)中表示的字符。请将该文件保存为 Unicode 格式以防止数据丢失
     1>d:\program files\opencv\build\include\opencv2\core\persistence.hpp : warning C4819: 该文件包含不能在当前代码页(936)中表示的字符。请将该文件保存为 Unicode 格式以防止数据丢失
     1>d:\program files\opencv\build\include\opencv2\core\utility.hpp : warning C4819: 该文件包含不能在当前代码页(936)中表示的字符。请将该文件保存为 Unicode 格式以防止数据丢失
         正在生成代码...
       ResourceCompile:
         C:\Program Files (x86)\Windows Kits\8.1\bin\x86\rc.exe /D _DEBUG /D _UNICODE /D UNICODE /l"0x0804" /IDebug\ /nologo /fo"Debug\SceneAnnotation.res" SceneAnnotation.rc 
       Link:
         D:\Program Files\vs2013\VC\bin\link.exe /ERRORREPORT:PROMPT /OUT:"E:\WenbinWang\Method\Anno_COCO\SceneAnnotation\Debug\SceneAnnotation.exe" /INCREMENTAL /NOLOGO /LIBPATH:"D:\Program Files\opencv\build\x86\vc12\lib" /LIBPATH:E:\WenbinWang\Method\Anno_COCO\SceneAnnotation\SceneAnnotation\json\lib\Debug opencv_ts300d.lib opencv_world300d.lib json_vc71_libmtd.lib /MANIFEST /MANIFESTUAC:"level='asInvoker' uiAccess='false'" /manifest:embed /manifestinput:"D:\Program Files\vs2013\VC\Include\Manifest\dpiaware.manifest" /DEBUG /PDB:"E:\WenbinWang\Method\Anno_COCO\SceneAnnotation\Debug\SceneAnnotation.pdb" /SUBSYSTEM:WINDOWS /TLBID:1 /ENTRY:"wWinMainCRTStartup" /DYNAMICBASE /NXCOMPAT /IMPLIB:"E:\WenbinWang\Method\Anno_COCO\SceneAnnotation\Debug\SceneAnnotation.lib" /MACHINE:X86 Debug\SceneAnnotation.res
         Debug\CvvImage.obj
         Debug\IOFile.obj
         Debug\SceneAnnotation.obj
         Debug\SceneAnnotationDlg.obj
         Debug\stdafx.obj
         SceneAnnotation.vcxproj -> E:\WenbinWang\Method\Anno_COCO\SceneAnnotation\Debug\SceneAnnotation.exe
     1>已完成生成项目“E:\WenbinWang\Method\Anno_COCO\SceneAnnotation\SceneAnnotation\SceneAnnotation.vcxproj”(Build 个目标)的操作。

生成成功。

已用时间 00:00:05.95
