e:\wenbinwang\method\anno_coco\sceneannotation\sceneannotation\x64\debug\sceneannotation.pch
e:\wenbinwang\method\anno_coco\sceneannotation\sceneannotation\x64\debug\vc120.pdb
e:\wenbinwang\method\anno_coco\sceneannotation\sceneannotation\x64\debug\vc120.idb
e:\wenbinwang\method\anno_coco\sceneannotation\sceneannotation\x64\debug\stdafx.obj
e:\wenbinwang\method\anno_coco\sceneannotation\sceneannotation\x64\debug\cvvimage.obj
e:\wenbinwang\method\anno_coco\sceneannotation\sceneannotation\x64\debug\sceneannotation.obj
e:\wenbinwang\method\anno_coco\sceneannotation\sceneannotation\x64\debug\sceneannotationdlg.obj
e:\wenbinwang\method\anno_coco\sceneannotation\sceneannotation\x64\debug\sceneannotation.res
e:\wenbinwang\method\anno_coco\sceneannotation\x64\debug\sceneannotation.pdb
e:\wenbinwang\method\anno_coco\sceneannotation\sceneannotation\x64\debug\sceneannotation.tlog\cl.command.1.tlog
e:\wenbinwang\method\anno_coco\sceneannotation\sceneannotation\x64\debug\sceneannotation.tlog\cl.read.1.tlog
e:\wenbinwang\method\anno_coco\sceneannotation\sceneannotation\x64\debug\sceneannotation.tlog\cl.write.1.tlog
e:\wenbinwang\method\anno_coco\sceneannotation\sceneannotation\x64\debug\sceneannotation.tlog\link-cvtres.read.1.tlog
e:\wenbinwang\method\anno_coco\sceneannotation\sceneannotation\x64\debug\sceneannotation.tlog\link-cvtres.write.1.tlog
e:\wenbinwang\method\anno_coco\sceneannotation\sceneannotation\x64\debug\sceneannotation.tlog\link-mt.read.1.tlog
e:\wenbinwang\method\anno_coco\sceneannotation\sceneannotation\x64\debug\sceneannotation.tlog\link-mt.write.1.tlog
e:\wenbinwang\method\anno_coco\sceneannotation\sceneannotation\x64\debug\sceneannotation.tlog\link-rc.read.1.tlog
e:\wenbinwang\method\anno_coco\sceneannotation\sceneannotation\x64\debug\sceneannotation.tlog\link-rc.write.1.tlog
e:\wenbinwang\method\anno_coco\sceneannotation\sceneannotation\x64\debug\sceneannotation.tlog\link.command.1.tlog
e:\wenbinwang\method\anno_coco\sceneannotation\sceneannotation\x64\debug\sceneannotation.tlog\link.read.1.tlog
e:\wenbinwang\method\anno_coco\sceneannotation\sceneannotation\x64\debug\sceneannotation.tlog\link.write.1.tlog
e:\wenbinwang\method\anno_coco\sceneannotation\sceneannotation\x64\debug\sceneannotation.tlog\rc.command.1.tlog
e:\wenbinwang\method\anno_coco\sceneannotation\sceneannotation\x64\debug\sceneannotation.tlog\rc.read.1.tlog
e:\wenbinwang\method\anno_coco\sceneannotation\sceneannotation\x64\debug\sceneannotation.tlog\rc.write.1.tlog
