e:\wenbinwang\method\anno_coco\sceneannotation\sceneannotation\release\sceneannotation.pch
e:\wenbinwang\method\anno_coco\sceneannotation\sceneannotation\release\vc120.pdb
e:\wenbinwang\method\anno_coco\sceneannotation\sceneannotation\release\stdafx.obj
e:\wenbinwang\method\anno_coco\sceneannotation\sceneannotation\release\sceneannotationdlg.obj
e:\wenbinwang\method\anno_coco\sceneannotation\sceneannotation\release\sceneannotation.obj
e:\wenbinwang\method\anno_coco\sceneannotation\sceneannotation\release\iofile.obj
e:\wenbinwang\method\anno_coco\sceneannotation\sceneannotation\release\cvvimage.obj
e:\wenbinwang\method\anno_coco\sceneannotation\sceneannotation\release\sceneannotation.res
e:\wenbinwang\method\anno_coco\sceneannotation\release\sceneannotation.pdb
e:\wenbinwang\method\anno_coco\sceneannotation\sceneannotation\release\sceneannotation.tlog\cl.command.1.tlog
e:\wenbinwang\method\anno_coco\sceneannotation\sceneannotation\release\sceneannotation.tlog\cl.read.1.tlog
e:\wenbinwang\method\anno_coco\sceneannotation\sceneannotation\release\sceneannotation.tlog\cl.write.1.tlog
e:\wenbinwang\method\anno_coco\sceneannotation\sceneannotation\release\sceneannotation.tlog\link-cvtres.read.1.tlog
e:\wenbinwang\method\anno_coco\sceneannotation\sceneannotation\release\sceneannotation.tlog\link-cvtres.write.1.tlog
e:\wenbinwang\method\anno_coco\sceneannotation\sceneannotation\release\sceneannotation.tlog\link-mt.read.1.tlog
e:\wenbinwang\method\anno_coco\sceneannotation\sceneannotation\release\sceneannotation.tlog\link-mt.write.1.tlog
e:\wenbinwang\method\anno_coco\sceneannotation\sceneannotation\release\sceneannotation.tlog\link-rc.read.1.tlog
e:\wenbinwang\method\anno_coco\sceneannotation\sceneannotation\release\sceneannotation.tlog\link-rc.write.1.tlog
e:\wenbinwang\method\anno_coco\sceneannotation\sceneannotation\release\sceneannotation.tlog\link.command.1.tlog
e:\wenbinwang\method\anno_coco\sceneannotation\sceneannotation\release\sceneannotation.tlog\link.read.1.tlog
e:\wenbinwang\method\anno_coco\sceneannotation\sceneannotation\release\sceneannotation.tlog\link.write.1.tlog
e:\wenbinwang\method\anno_coco\sceneannotation\sceneannotation\release\sceneannotation.tlog\rc.command.1.tlog
e:\wenbinwang\method\anno_coco\sceneannotation\sceneannotation\release\sceneannotation.tlog\rc.read.1.tlog
e:\wenbinwang\method\anno_coco\sceneannotation\sceneannotation\release\sceneannotation.tlog\rc.write.1.tlog
